<?xml version="1.0" encoding="UTF-8"?>
<robot generator="Robot 7.0.1 (Python 3.12.5 on win32)" generated="2024-10-28T21:05:57.344533" rpa="false" schemaversion="5">
<suite id="s1" name="Company" source="C:\Robot Framework\Logs\Web\tests\company.robot">
<test id="s1-t1" name="Acessar o sistema e listar empresas cadastradas" line="12">
<kw name="Abrir o navegador" owner="Company" type="SETUP">
<kw name="Open Browser" owner="SeleniumLibrary">
<msg time="2024-10-28T21:05:57.501685" level="INFO">Opening browser 'chrome' to base url 'https://automacao.qacoders.dev.br/login'.</msg>
<arg>${urlBase}</arg>
<arg>chrome</arg>
<doc>Opens a new browser instance to the optional ``url``.</doc>
<status status="PASS" start="2024-10-28T21:05:57.501685" elapsed="3.606796"/>
</kw>
<kw name="Maximize Browser Window" owner="SeleniumLibrary">
<doc>Maximizes current browser window.</doc>
<status status="PASS" start="2024-10-28T21:06:01.108481" elapsed="0.056460"/>
</kw>
<status status="PASS" start="2024-10-28T21:05:57.501685" elapsed="3.663256"/>
</kw>
<kw name="Login no sistema" owner="Company">
<kw name="Go To" owner="SeleniumLibrary">
<msg time="2024-10-28T21:06:01.165960" level="INFO">Opening url 'https://automacao.qacoders.dev.br/login'</msg>
<arg>url=${urlBase}</arg>
<doc>Navigates the current browser window to the provided ``url``.</doc>
<status status="PASS" start="2024-10-28T21:06:01.165960" elapsed="0.080234"/>
</kw>
<kw name="Wait Until Element Is Visible" owner="SeleniumLibrary">
<arg>locator=${emailInput}</arg>
<doc>Waits until the element ``locator`` is visible.</doc>
<status status="PASS" start="2024-10-28T21:06:01.246194" elapsed="0.026209"/>
</kw>
<kw name="Input Text" owner="SeleniumLibrary">
<msg time="2024-10-28T21:06:01.272403" level="INFO">Typing text 'sysadmin@qacoders.com' into text field 'id=email'.</msg>
<arg>locator=${emailInput}</arg>
<arg>text=${emailValido}</arg>
<doc>Types the given ``text`` into the text field identified by ``locator``.</doc>
<status status="PASS" start="2024-10-28T21:06:01.272403" elapsed="0.147803"/>
</kw>
<kw name="Wait Until Element Is Visible" owner="SeleniumLibrary">
<arg>locator=${senhaInput}</arg>
<doc>Waits until the element ``locator`` is visible.</doc>
<status status="PASS" start="2024-10-28T21:06:01.420206" elapsed="0.013888"/>
</kw>
<kw name="Input Password" owner="SeleniumLibrary">
<msg time="2024-10-28T21:06:01.434094" level="INFO">Typing password into text field 'id=password'.</msg>
<msg time="2024-10-28T21:06:01.450844" level="INFO">Temporally setting log level to: NONE</msg>
<arg>locator=${senhaInput}</arg>
<arg>password=${senhaValida}</arg>
<doc>Types the given password into the text field identified by ``locator``.</doc>
<status status="PASS" start="2024-10-28T21:06:01.434094" elapsed="0.072077"/>
</kw>
<kw name="Wait Until Element Is Visible" owner="SeleniumLibrary">
<arg>locator=${botaoInput}</arg>
<doc>Waits until the element ``locator`` is visible.</doc>
<status status="PASS" start="2024-10-28T21:06:01.506171" elapsed="0.013135"/>
</kw>
<kw name="Click Button" owner="SeleniumLibrary">
<msg time="2024-10-28T21:06:01.519306" level="INFO">Clicking button 'id=login'.</msg>
<arg>locator=${botaoInput}</arg>
<doc>Clicks the button identified by ``locator``.</doc>
<status status="PASS" start="2024-10-28T21:06:01.519306" elapsed="0.067073"/>
</kw>
<status status="PASS" start="2024-10-28T21:06:01.165960" elapsed="0.420419"/>
</kw>
<kw name="Wait Until Page Contains" owner="SeleniumLibrary">
<arg>text=Logout</arg>
<doc>Waits until ``text`` appears on the current page.</doc>
<status status="PASS" start="2024-10-28T21:06:01.586379" elapsed="0.430741"/>
</kw>
<kw name="Clicar na opção Cadastros" owner="Company">
<kw name="Wait Until Element Is Visible" owner="SeleniumLibrary">
<arg>${CADASTROS_XPATH}</arg>
<doc>Waits until the element ``locator`` is visible.</doc>
<status status="PASS" start="2024-10-28T21:06:02.018122" elapsed="0.014635"/>
</kw>
<kw name="Scroll Element Into View" owner="SeleniumLibrary">
<arg>${CADASTROS_XPATH}</arg>
<doc>Scrolls the element identified by ``locator`` into view.</doc>
<status status="PASS" start="2024-10-28T21:06:02.032757" elapsed="0.282728"/>
</kw>
<kw name="Wait Until Element Is Enabled" owner="SeleniumLibrary">
<arg>${CADASTROS_XPATH}</arg>
<doc>Waits until the element ``locator`` is enabled.</doc>
<status status="PASS" start="2024-10-28T21:06:02.315485" elapsed="0.029905"/>
</kw>
<kw name="Click Element" owner="SeleniumLibrary">
<msg time="2024-10-28T21:06:02.345390" level="INFO">Clicking element '//div[contains(@class, 'MuiListItemText-root css-1tsvksn') and contains(@id,'Cadastros')]'.</msg>
<arg>${CADASTROS_XPATH}</arg>
<doc>Click the element identified by ``locator``.</doc>
<status status="PASS" start="2024-10-28T21:06:02.345390" elapsed="0.038843"/>
</kw>
<status status="PASS" start="2024-10-28T21:06:02.018122" elapsed="0.366111"/>
</kw>
<kw name="Wait Until Page Contains" owner="SeleniumLibrary">
<arg>text=Cadastros</arg>
<doc>Waits until ``text`` appears on the current page.</doc>
<status status="PASS" start="2024-10-28T21:06:02.384233" elapsed="0.015522"/>
</kw>
<kw name="Sleep" owner="BuiltIn">
<msg time="2024-10-28T21:06:12.399993" level="INFO">Slept 10 seconds.</msg>
<arg>10</arg>
<doc>Pauses the test executed for the given time.</doc>
<status status="PASS" start="2024-10-28T21:06:02.399755" elapsed="10.000238"/>
</kw>
<kw name="Clicar no botão Empresa" owner="Company">
<kw name="Go To" owner="SeleniumLibrary">
<msg time="2024-10-28T21:06:12.400903" level="INFO">Opening url 'https://automacao.qacoders.dev.br/company'</msg>
<arg>https://automacao.qacoders.dev.br/company</arg>
<doc>Navigates the current browser window to the provided ``url``.</doc>
<status status="PASS" start="2024-10-28T21:06:12.399993" elapsed="0.116996"/>
</kw>
<kw name="Click Element" owner="SeleniumLibrary">
<msg time="2024-10-28T21:06:12.518197" level="INFO">Clicking element '//div[contains(@class, 'MuiListItemText-root css-1tsvksn') and contains(@id,'Cadastros')]'.</msg>
<arg>${EMPRESAS_XPATH}</arg>
<doc>Click the element identified by ``locator``.</doc>
<status status="PASS" start="2024-10-28T21:06:12.516989" elapsed="0.087606"/>
</kw>
<kw name="Sleep" owner="BuiltIn">
<msg time="2024-10-28T21:06:22.605602" level="INFO">Slept 10 seconds.</msg>
<arg>10</arg>
<doc>Pauses the test executed for the given time.</doc>
<status status="PASS" start="2024-10-28T21:06:12.605345" elapsed="10.000257"/>
</kw>
<kw name="Wait Until Element Is Visible" owner="SeleniumLibrary">
<arg>${NOME_COLUNA_XPATH}</arg>
<doc>Waits until the element ``locator`` is visible.</doc>
<status status="PASS" start="2024-10-28T21:06:22.605602" elapsed="0.011765"/>
</kw>
<status status="PASS" start="2024-10-28T21:06:12.399993" elapsed="10.217374"/>
</kw>
<kw name="Sleep" owner="BuiltIn">
<msg time="2024-10-28T21:06:32.632326" level="INFO">Slept 10 seconds.</msg>
<arg>10</arg>
<doc>Pauses the test executed for the given time.</doc>
<status status="PASS" start="2024-10-28T21:06:22.631874" elapsed="10.000452"/>
</kw>
<kw name="Fechar o navegador" owner="Company" type="TEARDOWN">
<kw name="Close All Browsers" owner="SeleniumLibrary">
<doc>Closes all open browsers and resets the browser cache.</doc>
<status status="PASS" start="2024-10-28T21:06:32.634917" elapsed="6.240212"/>
</kw>
<status status="PASS" start="2024-10-28T21:06:32.634917" elapsed="6.240212"/>
</kw>
<status status="PASS" start="2024-10-28T21:05:57.501685" elapsed="41.373444"/>
</test>
<kw name="Fechar o navegador" owner="Company" type="TEARDOWN">
<kw name="Close All Browsers" owner="SeleniumLibrary">
<doc>Closes all open browsers and resets the browser cache.</doc>
<status status="PASS" start="2024-10-28T21:06:38.875129" elapsed="0.000000"/>
</kw>
<status status="PASS" start="2024-10-28T21:06:38.875129" elapsed="0.000000"/>
</kw>
<status status="PASS" start="2024-10-28T21:05:57.344533" elapsed="41.530596"/>
</suite>
<statistics>
<total>
<stat pass="1" fail="0" skip="0">All Tests</stat>
</total>
<tag>
</tag>
<suite>
<stat pass="1" fail="0" skip="0" id="s1" name="Company">Company</stat>
</suite>
</statistics>
<errors>
</errors>
</robot>
