<?xml version="1.0" encoding="UTF-8"?>
<robot generator="Robot 7.0.1 (Python 3.12.5 on win32)" generated="2024-10-28T21:27:04.321259" rpa="false" schemaversion="5">
<suite id="s1" name="Company" source="C:\Robot Framework\Logs\Web\tests\company.robot">
<test id="s1-t1" name="Acessar o sistema e listar empresas cadastradas" line="12">
<kw name="Abrir o navegador" owner="Company" type="SETUP">
<kw name="Open Browser" owner="SeleniumLibrary">
<msg time="2024-10-28T21:27:04.524686" level="INFO">Opening browser 'chrome' to base url 'https://automacao.qacoders.dev.br/login'.</msg>
<arg>${urlBase}</arg>
<arg>chrome</arg>
<doc>Opens a new browser instance to the optional ``url``.</doc>
<status status="PASS" start="2024-10-28T21:27:04.524686" elapsed="4.682103"/>
</kw>
<kw name="Maximize Browser Window" owner="SeleniumLibrary">
<doc>Maximizes current browser window.</doc>
<status status="PASS" start="2024-10-28T21:27:09.206789" elapsed="0.040954"/>
</kw>
<status status="PASS" start="2024-10-28T21:27:04.524686" elapsed="4.723057"/>
</kw>
<kw name="Login no sistema" owner="Company">
<kw name="Go To" owner="SeleniumLibrary">
<msg time="2024-10-28T21:27:09.255509" level="INFO">Opening url 'https://automacao.qacoders.dev.br/login'</msg>
<arg>url=${urlBase}</arg>
<doc>Navigates the current browser window to the provided ``url``.</doc>
<status status="PASS" start="2024-10-28T21:27:09.255509" elapsed="0.140061"/>
</kw>
<kw name="Wait Until Element Is Visible" owner="SeleniumLibrary">
<arg>locator=${emailInput}</arg>
<doc>Waits until the element ``locator`` is visible.</doc>
<status status="PASS" start="2024-10-28T21:27:09.395570" elapsed="0.032509"/>
</kw>
<kw name="Input Text" owner="SeleniumLibrary">
<msg time="2024-10-28T21:27:09.428079" level="INFO">Typing text 'sysadmin@qacoders.com' into text field 'id=email'.</msg>
<arg>locator=${emailInput}</arg>
<arg>text=${emailValido}</arg>
<doc>Types the given ``text`` into the text field identified by ``locator``.</doc>
<status status="PASS" start="2024-10-28T21:27:09.428079" elapsed="0.198826"/>
</kw>
<kw name="Wait Until Element Is Visible" owner="SeleniumLibrary">
<arg>locator=${senhaInput}</arg>
<doc>Waits until the element ``locator`` is visible.</doc>
<status status="PASS" start="2024-10-28T21:27:09.626905" elapsed="0.014508"/>
</kw>
<kw name="Input Password" owner="SeleniumLibrary">
<msg time="2024-10-28T21:27:09.641413" level="INFO">Typing password into text field 'id=password'.</msg>
<msg time="2024-10-28T21:27:09.675015" level="INFO">Temporally setting log level to: NONE</msg>
<arg>locator=${senhaInput}</arg>
<arg>password=${senhaValida}</arg>
<doc>Types the given password into the text field identified by ``locator``.</doc>
<status status="PASS" start="2024-10-28T21:27:09.641413" elapsed="0.094646"/>
</kw>
<kw name="Wait Until Element Is Visible" owner="SeleniumLibrary">
<arg>locator=${botaoInput}</arg>
<doc>Waits until the element ``locator`` is visible.</doc>
<status status="PASS" start="2024-10-28T21:27:09.736059" elapsed="0.023509"/>
</kw>
<kw name="Click Button" owner="SeleniumLibrary">
<msg time="2024-10-28T21:27:09.760682" level="INFO">Clicking button 'id=login'.</msg>
<arg>locator=${botaoInput}</arg>
<doc>Clicks the button identified by ``locator``.</doc>
<status status="PASS" start="2024-10-28T21:27:09.760682" elapsed="0.071983"/>
</kw>
<status status="PASS" start="2024-10-28T21:27:09.255509" elapsed="0.577156"/>
</kw>
<kw name="Wait Until Page Contains" owner="SeleniumLibrary">
<arg>text=Logout</arg>
<doc>Waits until ``text`` appears on the current page.</doc>
<status status="PASS" start="2024-10-28T21:27:09.832665" elapsed="0.867356"/>
</kw>
<kw name="Clicar na opção Cadastros" owner="Company">
<kw name="Wait Until Element Is Visible" owner="SeleniumLibrary">
<arg>${CADASTROS_XPATH}</arg>
<doc>Waits until the element ``locator`` is visible.</doc>
<status status="PASS" start="2024-10-28T21:27:10.700021" elapsed="0.015732"/>
</kw>
<kw name="Scroll Element Into View" owner="SeleniumLibrary">
<arg>${CADASTROS_XPATH}</arg>
<doc>Scrolls the element identified by ``locator`` into view.</doc>
<status status="PASS" start="2024-10-28T21:27:10.715753" elapsed="0.297507"/>
</kw>
<kw name="Wait Until Element Is Enabled" owner="SeleniumLibrary">
<arg>${CADASTROS_XPATH}</arg>
<doc>Waits until the element ``locator`` is enabled.</doc>
<status status="PASS" start="2024-10-28T21:27:11.013260" elapsed="0.030169"/>
</kw>
<kw name="Click Element" owner="SeleniumLibrary">
<msg time="2024-10-28T21:27:11.043429" level="INFO">Clicking element '//div[contains(@class, 'MuiListItemText-root css-1tsvksn') and contains(@id,'Cadastros')]'.</msg>
<arg>${CADASTROS_XPATH}</arg>
<doc>Click the element identified by ``locator``.</doc>
<status status="PASS" start="2024-10-28T21:27:11.043429" elapsed="0.064077"/>
</kw>
<status status="PASS" start="2024-10-28T21:27:10.700021" elapsed="0.407485"/>
</kw>
<kw name="Wait Until Page Contains" owner="SeleniumLibrary">
<arg>text=Cadastros</arg>
<doc>Waits until ``text`` appears on the current page.</doc>
<status status="PASS" start="2024-10-28T21:27:11.111003" elapsed="0.019983"/>
</kw>
<kw name="Sleep" owner="BuiltIn">
<msg time="2024-10-28T21:27:21.131431" level="INFO">Slept 10 seconds.</msg>
<arg>10</arg>
<doc>Pauses the test executed for the given time.</doc>
<status status="PASS" start="2024-10-28T21:27:11.130986" elapsed="10.000445"/>
</kw>
<kw name="Clicar no botão Empresa" owner="Company">
<kw name="Go To" owner="SeleniumLibrary">
<msg time="2024-10-28T21:27:21.131431" level="INFO">Opening url 'https://automacao.qacoders.dev.br/company'</msg>
<arg>https://automacao.qacoders.dev.br/company</arg>
<doc>Navigates the current browser window to the provided ``url``.</doc>
<status status="PASS" start="2024-10-28T21:27:21.131431" elapsed="0.175682"/>
</kw>
<kw name="Click Element" owner="SeleniumLibrary">
<msg time="2024-10-28T21:27:21.313268" level="INFO">Clicking element '//div[contains(@class, 'MuiListItemText-root css-1tsvksn') and contains(@id,'Cadastros')]'.</msg>
<arg>${EMPRESAS_XPATH}</arg>
<doc>Click the element identified by ``locator``.</doc>
<status status="PASS" start="2024-10-28T21:27:21.307113" elapsed="0.103079"/>
</kw>
<kw name="Sleep" owner="BuiltIn">
<msg time="2024-10-28T21:27:31.410977" level="INFO">Slept 10 seconds.</msg>
<arg>10</arg>
<doc>Pauses the test executed for the given time.</doc>
<status status="PASS" start="2024-10-28T21:27:21.410192" elapsed="10.000785"/>
</kw>
<kw name="Wait Until Element Is Visible" owner="SeleniumLibrary">
<arg>${NOME_COLUNA_XPATH}</arg>
<doc>Waits until the element ``locator`` is visible.</doc>
<status status="PASS" start="2024-10-28T21:27:31.410977" elapsed="0.019301"/>
</kw>
<status status="PASS" start="2024-10-28T21:27:21.131431" elapsed="10.298847"/>
</kw>
<kw name="Sleep" owner="BuiltIn">
<msg time="2024-10-28T21:27:41.446130" level="INFO">Slept 10 seconds.</msg>
<arg>10</arg>
<doc>Pauses the test executed for the given time.</doc>
<status status="PASS" start="2024-10-28T21:27:31.445912" elapsed="10.000218"/>
</kw>
<kw name="Fechar o navegador" owner="Company" type="TEARDOWN">
<kw name="Close All Browsers" owner="SeleniumLibrary">
<doc>Closes all open browsers and resets the browser cache.</doc>
<status status="PASS" start="2024-10-28T21:27:41.446130" elapsed="6.532259"/>
</kw>
<status status="PASS" start="2024-10-28T21:27:41.446130" elapsed="6.532259"/>
</kw>
<status status="PASS" start="2024-10-28T21:27:04.524686" elapsed="43.453703"/>
</test>
<kw name="Fechar o navegador" owner="Company" type="TEARDOWN">
<kw name="Close All Browsers" owner="SeleniumLibrary">
<doc>Closes all open browsers and resets the browser cache.</doc>
<status status="PASS" start="2024-10-28T21:27:47.978389" elapsed="0.000000"/>
</kw>
<status status="PASS" start="2024-10-28T21:27:47.978389" elapsed="0.000000"/>
</kw>
<status status="PASS" start="2024-10-28T21:27:04.321259" elapsed="43.657130"/>
</suite>
<statistics>
<total>
<stat pass="1" fail="0" skip="0">All Tests</stat>
</total>
<tag>
</tag>
<suite>
<stat pass="1" fail="0" skip="0" id="s1" name="Company">Company</stat>
</suite>
</statistics>
<errors>
</errors>
</robot>
